[0.909s] Invoking command in '/home/saarmoseri/Documents/Projects/face/face_emotions_recognition/build/emotions_recognition': PYTHONPATH=/home/saarmoseri/Documents/Projects/face/face_emotions_recognition/build/emotions_recognition/prefix_override:/home/saarmoseri/Documents/Projects/face/face_emotions_recognition/install/emotions_recognition/lib/python3.8/site-packages:${PYTHONPATH} /usr/bin/python3 setup.py develop --editable --build-directory /home/saarmoseri/Documents/Projects/face/face_emotions_recognition/build/emotions_recognition/build --no-deps install_data
[1.184s] running develop
[1.350s] running egg_info
[1.350s] creating emotions_recognition.egg-info
[1.350s] writing emotions_recognition.egg-info/PKG-INFO
[1.350s] writing dependency_links to emotions_recognition.egg-info/dependency_links.txt
[1.350s] writing entry points to emotions_recognition.egg-info/entry_points.txt
[1.350s] writing requirements to emotions_recognition.egg-info/requires.txt
[1.351s] writing top-level names to emotions_recognition.egg-info/top_level.txt
[1.355s] writing manifest file 'emotions_recognition.egg-info/SOURCES.txt'
[1.454s] listing git files failed - pretending there aren't any
[1.558s] reading manifest file 'emotions_recognition.egg-info/SOURCES.txt'
[1.559s] writing manifest file 'emotions_recognition.egg-info/SOURCES.txt'
[1.596s] running build_ext
[1.596s] Creating /home/saarmoseri/Documents/Projects/face/face_emotions_recognition/install/emotions_recognition/lib/python3.8/site-packages/site.py
[1.598s] Creating /home/saarmoseri/Documents/Projects/face/face_emotions_recognition/install/emotions_recognition/lib/python3.8/site-packages/emotions-recognition.egg-link (link to .)
[1.598s] Installing emt_rec_node script to /home/saarmoseri/Documents/Projects/face/face_emotions_recognition/install/emotions_recognition/lib/emotions_recognition
[1.598s] 
[1.599s] Installed /home/saarmoseri/Documents/Projects/face/face_emotions_recognition/build/emotions_recognition
[1.599s] running install_data
[1.599s] creating /home/saarmoseri/Documents/Projects/face/face_emotions_recognition/install/emotions_recognition/share/ament_index
[1.599s] creating /home/saarmoseri/Documents/Projects/face/face_emotions_recognition/install/emotions_recognition/share/ament_index/resource_index
[1.599s] creating /home/saarmoseri/Documents/Projects/face/face_emotions_recognition/install/emotions_recognition/share/ament_index/resource_index/packages
[1.599s] copying resource/emotions_recognition -> /home/saarmoseri/Documents/Projects/face/face_emotions_recognition/install/emotions_recognition/share/ament_index/resource_index/packages
[1.599s] copying package.xml -> /home/saarmoseri/Documents/Projects/face/face_emotions_recognition/install/emotions_recognition/share/emotions_recognition
[1.652s] Invoked command in '/home/saarmoseri/Documents/Projects/face/face_emotions_recognition/build/emotions_recognition' returned '0': PYTHONPATH=/home/saarmoseri/Documents/Projects/face/face_emotions_recognition/build/emotions_recognition/prefix_override:/home/saarmoseri/Documents/Projects/face/face_emotions_recognition/install/emotions_recognition/lib/python3.8/site-packages:${PYTHONPATH} /usr/bin/python3 setup.py develop --editable --build-directory /home/saarmoseri/Documents/Projects/face/face_emotions_recognition/build/emotions_recognition/build --no-deps install_data
